<?xml version="1.0" encoding="UTF-8"?>
<testsuite xmlns:xsi="http://www.w3.org/2001/XMLSchema-instance" xsi:noNamespaceSchemaLocation="https://maven.apache.org/surefire/maven-surefire-plugin/xsd/surefire-test-report-3.0.xsd" version="3.0" name="colorGame.GameTests" time="0.287" tests="1" errors="0" skipped="0" failures="0">
  <properties>
[...]
</properties>
  <testcase name="veikkauksenVaritTesti" classname="colorGame.GameTests" time="0.063"/>
  <testcase name="veikkausJaTargetVertailu" classname="colorGame.GameTests" time="0.001"/>
  <testcase name="veikkausJaTargetSama" classname="colorGame.GameTests" time="0.262">
    <system-out><![CDATA[timestamp = 2022-04-19T16:15:56.001683, GameTests:veikkausJaTargetSama = 
                              |-------------------jqwik-------------------
tries = 1000                  | # of calls to property
checks = 1000                 | # of not rejected calls
generation = RANDOMIZED       | parameters are randomly generated
after-failure = PREVIOUS_SEED | use the previous seed
when-fixed-seed = ALLOW       | fixing the random seed is allowed
edge-cases#mode = MIXIN       | edge cases are mixed in
edge-cases#total = 0          | # of all combined edge cases
edge-cases#tried = 0          | # of edge cases tried in current run
seed = -3997079784193065221   | random seed to reproduce generated values


]]></system-out>
    <system-err><![CDATA[huhtik. 19, 2022 4:15:55 IP. net.jqwik.engine.execution.CheckedProperty maybeWarnOnMultipleTriesWithoutForallParameters
WARNING: Running Property [GameTests:veikkausJaTargetSama] in container [colorGame.GameTests] without any @ForAll parameters for 1000 tries.
    Maybe you want to change it into an @Example?
]]></system-err>
  </testcase>
</testsuite>